<?xml version="1.0" encoding="UTF-8"?>
<!-- Generated by org.testng.reporters.JUnitReportReporter -->
<testsuite name="Headless.HeadlessChrome" tests="1" time="2.962" ignored="0" failures="0" timestamp="03 Jan 2020 06:04:19 GMT" skipped="0" hostname="HYDLRAP000102" errors="0">
  <testcase name="googldeSearch" time="2.962" classname="Headless.HeadlessChrome"/>
</testsuite> <!-- Headless.HeadlessChrome -->
