<?xml version="1.0" encoding="UTF-8"?>
<!-- Generated by org.testng.reporters.JUnitReportReporter -->
<testsuite hostname="HYDLRAP000102" name="parallelBrowser.GropusTest" tests="8" failures="0" timestamp="31 Dec 2019 06:11:31 GMT" time="0.012" errors="0">
  <testcase name="test7" time="0.000" classname="parallelBrowser.GropusTest"/>
  <testcase name="test8" time="0.001" classname="parallelBrowser.GropusTest"/>
  <testcase name="test100" time="0.001" classname="parallelBrowser.GropusTest"/>
  <testcase name="test1" time="0.000" classname="parallelBrowser.GropusTest"/>
  <testcase name="test10" time="0.001" classname="parallelBrowser.GropusTest"/>
  <testcase name="test3" time="0.001" classname="parallelBrowser.GropusTest"/>
  <testcase name="test5" time="0.007" classname="parallelBrowser.GropusTest"/>
  <testcase name="test2" time="0.001" classname="parallelBrowser.GropusTest"/>
</testsuite> <!-- parallelBrowser.GropusTest -->
