<?xml version="1.0" encoding="UTF-8"?>
<!-- Generated by org.testng.reporters.JUnitReportReporter -->
<testsuite hostname="HYDLRAP000102" name="excelReadWrite.excelWithTestNG" tests="4" failures="0" timestamp="30 Dec 2019 06:34:01 GMT" time="27.257" errors="0">
  <testcase name="linkedIn" time="6.657" classname="excelReadWrite.excelWithTestNG"/>
  <testcase name="linkedIn" time="6.680" classname="excelReadWrite.excelWithTestNG"/>
  <testcase name="linkedIn" time="7.258" classname="excelReadWrite.excelWithTestNG"/>
  <testcase name="linkedIn" time="6.662" classname="excelReadWrite.excelWithTestNG"/>
</testsuite> <!-- excelReadWrite.excelWithTestNG -->
