<?xml version="1.0" encoding="UTF-8"?>
<!-- Generated by org.testng.reporters.JUnitReportReporter -->
<testsuite hostname="HYDLRAP000102" name="test.ExtentReportWithTestNG" tests="1" failures="0" timestamp="20 Dec 2019 04:33:59 GMT" time="7.269" errors="0">
  <testcase name="googldeSearch" time="7.269" classname="test.ExtentReportWithTestNG"/>
</testsuite> <!-- test.ExtentReportWithTestNG -->
