<?xml version="1.0" encoding="UTF-8"?>
<!-- Generated by org.testng.reporters.JUnitReportReporter -->
<testsuite name="Waits.ImplicitWait" tests="1" time="12.329" ignored="0" failures="0" timestamp="03 Jan 2020 04:32:13 GMT" skipped="0" hostname="HYDLRAP000102" errors="0">
  <testcase name="googldeSearch" time="12.329" classname="Waits.ImplicitWait"/>
</testsuite> <!-- Waits.ImplicitWait -->
