<?xml version="1.0" encoding="UTF-8"?>
<!-- Generated by org.testng.reporters.JUnitReportReporter -->
<testsuite name="parallelBrowser.TesNgIgnoreClass" tests="1" time="0.008" ignored="1" failures="0" timestamp="31 Dec 2019 06:36:39 GMT" skipped="0" hostname="HYDLRAP000102" errors="0">
  <testcase name="test1" time="0.008" classname="parallelBrowser.TesNgIgnoreClass"/>
  <testcase name="test2" classname="parallelBrowser.TesNgIgnoreClass">
    <skipped/>
  </testcase> <!-- test2 -->
</testsuite> <!-- parallelBrowser.TesNgIgnoreClass -->
