<?xml version="1.0" encoding="UTF-8"?>
<!-- Generated by org.testng.reporters.JUnitReportReporter -->
<testsuite hostname="HYDLRAP000102" name="parallelBrowser.TestNGDependancies" tests="3" failures="0" timestamp="31 Dec 2019 06:11:58 GMT" time="0.010" errors="0">
  <testcase name="test2" time="0.007" classname="parallelBrowser.TestNGDependancies"/>
  <testcase name="test3" time="0.002" classname="parallelBrowser.TestNGDependancies"/>
  <testcase name="test1" time="0.001" classname="parallelBrowser.TestNGDependancies"/>
</testsuite> <!-- parallelBrowser.TestNGDependancies -->
