<?xml version="1.0" encoding="UTF-8"?>
<!-- Generated by org.testng.reporters.JUnitReportReporter -->
<testsuite hostname="HYDLRAP000102" name="parallelBrowser.ParametersTestNG" tests="1" failures="0" timestamp="31 Dec 2019 05:58:38 GMT" time="0.007" errors="0">
  <testcase name="test1" time="0.007" classname="parallelBrowser.ParametersTestNG"/>
</testsuite> <!-- parallelBrowser.ParametersTestNG -->
