<?xml version="1.0" encoding="UTF-8"?>
<!-- Generated by org.testng.reporters.JUnitReportReporter -->
<testsuite hostname="HYDLRAP000102" name="parallelBrowser.TestNGMultiBrowser" tests="2" failures="0" timestamp="31 Dec 2019 04:37:04 GMT" time="14.013" errors="0">
  <testcase name="googldeSearch" time="6.270" classname="parallelBrowser.TestNGMultiBrowser"/>
  <testcase name="googldeSearch" time="7.743" classname="parallelBrowser.TestNGMultiBrowser"/>
</testsuite> <!-- parallelBrowser.TestNGMultiBrowser -->
