<?xml version="1.0" encoding="UTF-8"?>
<!-- Generated by org.testng.reporters.JUnitReportReporter -->
<testsuite hostname="HYDLRAP000102" name="parallelBrowser.TestNGIgnoreTest" tests="3" failures="0" timestamp="31 Dec 2019 06:24:36 GMT" time="0.009" errors="0">
  <testcase name="test1" time="0.007" classname="parallelBrowser.TestNGIgnoreTest"/>
  <testcase name="test3" time="0.001" classname="parallelBrowser.TestNGIgnoreTest"/>
  <testcase name="test2" time="0.001" classname="parallelBrowser.TestNGIgnoreTest"/>
</testsuite> <!-- parallelBrowser.TestNGIgnoreTest -->
